[ 2015-08-11T17:29:57+08:00 ] 0.0.0.0 /
INFO: [ app_begin ] --START--
INFO: Run ReadHtmlCache Behavior [ RunTime:0.000535s ]
INFO: [ app_begin ] --END-- [ RunTime:0.000628s ]
INFO: [ view_template ] --START--
INFO: Run LocationTemplate Behavior [ RunTime:0.000519s ]
INFO: [ view_template ] --END-- [ RunTime:0.000595s ]
INFO: [ view_parse ] --START--
INFO: Run ParseTemplate Behavior [ RunTime:0.005396s ]
INFO: [ view_parse ] --END-- [ RunTime:0.005494s ]
INFO: [ view_filter ] --START--
INFO: Run ContentReplace Behavior [ RunTime:0.000452s ]
INFO: Run TokenBuild Behavior [ RunTime:0.000441s ]
INFO: Run WriteHtmlCache Behavior [ RunTime:0.000340s ]
INFO: Run ShowRuntime Behavior [ RunTime:0.000496s ]
INFO: [ view_filter ] --END-- [ RunTime:0.001933s ]
INFO: [ view_end ] --START--
INFO: Run ShowPageTrace Behavior [ RunTime:0.000567s ]
INFO: [ view_end ] --END-- [ RunTime:0.000642s ]

[ 2015-08-11T17:44:14+08:00 ] ERR: (ThinkException) 无法加载模块:Index/show/username=monday
[ 2015-08-11T17:44:22+08:00 ] ERR: (ThinkException) 无法加载模块:Index/show
[ 2015-08-11T17:44:27+08:00 ] ERR: (ThinkException) 无法加载模块:Index/show
[ 2015-08-11T17:46:47+08:00 ] ERR: (ThinkException) 无法加载模块:Index/show/username
[ 2015-08-11T17:46:54+08:00 ] ERR: (ThinkException) 无法加载模块:Index/show
[ 2015-08-11T17:47:35+08:00 ] ERR: (ThinkException) 无法加载模块:Index-show-username-monday
[ 2015-08-11T17:49:57+08:00 ] ERR: (ThinkException) 无法加载模块:username
[ 2015-08-11T17:51:18+08:00 ] ERR: (ThinkException) 无法加载模块:Inde
[ 2015-08-11T17:51:31+08:00 ] ERR: (ThinkException) 无法加载模块:Inde
[ 2015-08-11T17:51:49+08:00 ] ERR: (ThinkException) 无法加载模块:Inde
[ 2015-08-11T17:51:56+08:00 ] ERR: (ThinkException) 无法加载模块:usernama
[ 2015-08-11T17:52:54+08:00 ] ERR: (ThinkException) 无法加载模块:Inde
[ 2015-08-11T17:53:25+08:00 ] ERR: (ThinkException) 无法加载模块:Inde
[ 2015-08-11T17:53:26+08:00 ] ERR: (ThinkException) 无法加载模块:Inde
[ 2015-08-11T17:54:01+08:00 ] ERR: (ThinkException) 无法加载模块:Inde
[ 2015-08-11T17:54:17+08:00 ] ERR: (ThinkException) 无法加载模块:Inde
